---
START: 2025-09-13 08:44:02
POST: Array
(
    [full_name] => CTUCC ADMIN
    [username] => ctucc@gmail.com
    [email] => ctucc@gmail.com
    [current_password] => 
    [new_password] => 
    [confirm_password] => 
)

FILES: Array
(
)

RESPONSE: Array
(
    [success] => 1
    [message] => Profile updated successfully
)

---
START: 2025-09-13 08:44:18
POST: Array
(
    [full_name] => CTUCC ADMIN
    [username] => ctucc@gmail.com
    [email] => ctucc@gmail.com
    [current_password] => 
    [new_password] => 
    [confirm_password] => 
)

FILES: Array
(
)

RESPONSE: Array
(
    [success] => 1
    [message] => Profile updated successfully
)

---
START: 2025-09-13 08:45:42
POST: Array
(
    [full_name] => GREG VESTIL
    [username] => ctucc@gmail.com
    [email] => ctucc@gmail.com
    [current_password] => 
    [new_password] => 
    [confirm_password] => 
)

FILES: Array
(
)

RESPONSE: Array
(
    [success] => 1
    [message] => Profile updated successfully
)

